{
  "stats": {
    "suites": 1,
    "tests": 1,
    "passes": 1,
    "pending": 0,
    "failures": 0,
    "start": "2025-02-01T23:59:32.423Z",
    "end": "2025-02-01T23:59:34.535Z",
    "duration": 2112,
    "testsRegistered": 1,
    "passPercent": 100,
    "pendingPercent": 0,
    "other": 0,
    "hasOther": false,
    "skipped": 0,
    "hasSkipped": false
  },
  "results": [
    {
      "uuid": "c27d059b-7a53-41fb-9a78-3e84e36781cb",
      "title": "",
      "fullFile": "cypress\\e2e\\regionsModalValidation.cy.ts",
      "file": "cypress\\e2e\\regionsModalValidation.cy.ts",
      "beforeHooks": [],
      "afterHooks": [],
      "tests": [],
      "suites": [
        {
          "uuid": "c2531dfc-2c79-4964-8b02-21134c8dd779",
          "title": "DuckDuckGo Regions Modal Validation",
          "fullFile": "",
          "file": "",
          "beforeHooks": [],
          "afterHooks": [],
          "tests": [
            {
              "title": "Assert that the total count of region options is greater than 10",
              "fullTitle": "DuckDuckGo Regions Modal Validation Assert that the total count of region options is greater than 10",
              "timedOut": null,
              "duration": 1128,
              "state": "passed",
              "speed": "fast",
              "pass": true,
              "fail": false,
              "pending": false,
              "context": null,
              "code": "searchPage_1.searchPage.visit(config_1.config.query); // Visit search page\ncy.get(selectors_1.SearchPageSelectors.resultsContainer, { timeout: 10000 }).should('be.visible'); // Wait for results to load\nsearchPage_1.searchPage.clickAllRegions(); // Click on the dropdown “All Regions”.\nsearchPage_1.searchPage.getRegionOptions().then(($options) => {\n    const totalCount = $options.length;\n    cy.log(`Total count of dropdown elements (all): ${totalCount}`);\n    cy.wrap(totalCount).should('be.greaterThan', config_1.config.totalToValidate); // Validate that the total number of options is greater than 10.\n});",
              "err": {},
              "uuid": "d502c2d9-cad4-4297-b151-0f39a4fc0b5a",
              "parentUUID": "c2531dfc-2c79-4964-8b02-21134c8dd779",
              "isHook": false,
              "skipped": false
            }
          ],
          "suites": [],
          "passes": [
            "d502c2d9-cad4-4297-b151-0f39a4fc0b5a"
          ],
          "failures": [],
          "pending": [],
          "skipped": [],
          "duration": 1128,
          "root": false,
          "rootEmpty": false,
          "_timeout": 2000
        }
      ],
      "passes": [],
      "failures": [],
      "pending": [],
      "skipped": [],
      "duration": 0,
      "root": true,
      "rootEmpty": true,
      "_timeout": 2000
    }
  ],
  "meta": {
    "mocha": {
      "version": "7.0.1"
    },
    "mochawesome": {
      "options": {
        "quiet": false,
        "reportFilename": "mochawesome",
        "saveHtml": true,
        "saveJson": true,
        "consoleReporter": "spec",
        "useInlineDiffs": false,
        "code": true
      },
      "version": "7.1.3"
    },
    "marge": {
      "options": {
        "reportDir": "cypress/reports",
        "overwrite": false,
        "video": true,
        "html": true,
        "json": true
      },
      "version": "6.2.0"
    }
  }
}