{
  "stats": {
    "suites": 1,
    "tests": 1,
    "passes": 1,
    "pending": 0,
    "failures": 0,
    "start": "2025-02-01T23:46:24.432Z",
    "end": "2025-02-01T23:46:26.550Z",
    "duration": 2118,
    "testsRegistered": 1,
    "passPercent": 100,
    "pendingPercent": 0,
    "other": 0,
    "hasOther": false,
    "skipped": 0,
    "hasSkipped": false
  },
  "results": [
    {
      "uuid": "c109c496-c5f7-463a-9047-0b90f1d88a28",
      "title": "",
      "fullFile": "cypress\\e2e\\regionsModalValidation.cy.ts",
      "file": "cypress\\e2e\\regionsModalValidation.cy.ts",
      "beforeHooks": [],
      "afterHooks": [],
      "tests": [],
      "suites": [
        {
          "uuid": "54ed1e22-f2f8-4a21-a08a-3609fff627dc",
          "title": "DuckDuckGo Regions Modal Validation",
          "fullFile": "",
          "file": "",
          "beforeHooks": [],
          "afterHooks": [],
          "tests": [
            {
              "title": "Assert that the total count of region options is greater than 10",
              "fullTitle": "DuckDuckGo Regions Modal Validation Assert that the total count of region options is greater than 10",
              "timedOut": null,
              "duration": 1251,
              "state": "passed",
              "speed": "fast",
              "pass": true,
              "fail": false,
              "pending": false,
              "context": null,
              "code": "searchPage_1.searchPage.visit(config_1.config.query); // Visit search page\ncy.get(selectors_1.SearchPageSelectors.resultsContainer, { timeout: 10000 }).should('be.visible'); // Wait for results to load\nsearchPage_1.searchPage.clickAllRegions(); // Click on the dropdown “All Regions”.\nsearchPage_1.searchPage.getRegionOptions().then(($options) => {\n    const totalCount = $options.length;\n    cy.log(`Total count of dropdown elements (all): ${totalCount}`);\n    cy.wrap(totalCount).should('be.greaterThan', config_1.config.totalToValidate); // Validate that the total number of options is greater than 10.\n});",
              "err": {},
              "uuid": "75e2e5d6-4bc8-4ab8-9cf3-ef608d999235",
              "parentUUID": "54ed1e22-f2f8-4a21-a08a-3609fff627dc",
              "isHook": false,
              "skipped": false
            }
          ],
          "suites": [],
          "passes": [
            "75e2e5d6-4bc8-4ab8-9cf3-ef608d999235"
          ],
          "failures": [],
          "pending": [],
          "skipped": [],
          "duration": 1251,
          "root": false,
          "rootEmpty": false,
          "_timeout": 2000
        }
      ],
      "passes": [],
      "failures": [],
      "pending": [],
      "skipped": [],
      "duration": 0,
      "root": true,
      "rootEmpty": true,
      "_timeout": 2000
    }
  ],
  "meta": {
    "mocha": {
      "version": "7.0.1"
    },
    "mochawesome": {
      "options": {
        "quiet": false,
        "reportFilename": "mochawesome",
        "saveHtml": true,
        "saveJson": true,
        "consoleReporter": "spec",
        "useInlineDiffs": false,
        "code": true
      },
      "version": "7.1.3"
    },
    "marge": {
      "options": {
        "reportDir": "cypress/reports",
        "overwrite": false,
        "html": true,
        "json": true
      },
      "version": "6.2.0"
    }
  }
}